Epoch 0/49
----------
train Loss: 2.8348 Acc: 0.0493
val Loss: 2.8330 Acc: 0.0934

Epoch 1/49
----------
train Loss: 2.8345 Acc: 0.0500
val Loss: 2.8327 Acc: 0.0934

Epoch 2/49
----------
train Loss: 2.8342 Acc: 0.0529
val Loss: 2.8323 Acc: 0.1066

Epoch 3/49
----------
train Loss: 2.8339 Acc: 0.0559
val Loss: 2.8318 Acc: 0.0750

Epoch 4/49
----------
train Loss: 2.8332 Acc: 0.0507
val Loss: 2.8308 Acc: 0.0853

Epoch 5/49
----------
train Loss: 2.8321 Acc: 0.0684
val Loss: 2.8290 Acc: 0.0706

Epoch 6/49
----------
train Loss: 2.8296 Acc: 0.0654
val Loss: 2.8256 Acc: 0.0588

Epoch 7/49
----------
train Loss: 2.8240 Acc: 0.0743
val Loss: 2.8165 Acc: 0.0588

Epoch 8/49
----------
train Loss: 2.8070 Acc: 0.0816
val Loss: 2.7800 Acc: 0.0904

Epoch 9/49
----------
train Loss: 2.7655 Acc: 0.1169
val Loss: 2.7049 Acc: 0.1471

Epoch 10/49
----------
train Loss: 2.6772 Acc: 0.1603
val Loss: 2.7646 Acc: 0.1243

Epoch 11/49
----------
train Loss: 2.5816 Acc: 0.1691
val Loss: 2.5484 Acc: 0.1706

Epoch 12/49
----------
train Loss: 2.4522 Acc: 0.2051
val Loss: 2.3049 Acc: 0.2618

Epoch 13/49
----------
train Loss: 2.3694 Acc: 0.2279
val Loss: 2.3246 Acc: 0.2456

Epoch 14/49
----------
train Loss: 2.2857 Acc: 0.2691
val Loss: 2.1690 Acc: 0.3044

Epoch 15/49
----------
train Loss: 2.2075 Acc: 0.2846
val Loss: 2.1446 Acc: 0.3029

Epoch 16/49
----------
train Loss: 2.1471 Acc: 0.3037
val Loss: 1.9962 Acc: 0.3640

Epoch 17/49
----------
train Loss: 2.0723 Acc: 0.3125
val Loss: 1.9510 Acc: 0.3566

Epoch 18/49
----------
train Loss: 1.9974 Acc: 0.3507
val Loss: 1.8452 Acc: 0.4081

Epoch 19/49
----------
train Loss: 1.9256 Acc: 0.3684
val Loss: 1.7309 Acc: 0.4287

Epoch 20/49
----------
train Loss: 1.8452 Acc: 0.4110
val Loss: 1.6614 Acc: 0.4721

Epoch 21/49
----------
train Loss: 1.7260 Acc: 0.4316
val Loss: 1.4630 Acc: 0.5169

Epoch 22/49
----------
train Loss: 1.6195 Acc: 0.4669
val Loss: 1.4147 Acc: 0.5581

Epoch 23/49
----------
train Loss: 1.5055 Acc: 0.5213
val Loss: 1.2513 Acc: 0.6015

Epoch 24/49
----------
train Loss: 1.4061 Acc: 0.5507
val Loss: 1.3363 Acc: 0.5618

Epoch 25/49
----------
train Loss: 1.3063 Acc: 0.5654
val Loss: 1.0600 Acc: 0.6559

Epoch 26/49
----------
train Loss: 1.1838 Acc: 0.6029
val Loss: 0.8128 Acc: 0.7426

Epoch 27/49
----------
train Loss: 1.0497 Acc: 0.6404
val Loss: 1.1529 Acc: 0.6162

Epoch 28/49
----------
train Loss: 0.8460 Acc: 0.7213
val Loss: 0.6226 Acc: 0.8338

Epoch 29/49
----------
train Loss: 0.8052 Acc: 0.7397
val Loss: 0.4904 Acc: 0.8544

Epoch 30/49
----------
train Loss: 0.6593 Acc: 0.7882
val Loss: 0.6218 Acc: 0.7963

Epoch 31/49
----------
train Loss: 0.5359 Acc: 0.8294
val Loss: 0.5904 Acc: 0.8096

Epoch 32/49
----------
train Loss: 0.4614 Acc: 0.8559
val Loss: 0.2174 Acc: 0.9441

Epoch 33/49
----------
train Loss: 0.3491 Acc: 0.9029
val Loss: 0.1454 Acc: 0.9676

Epoch 34/49
----------
train Loss: 0.3250 Acc: 0.8956
val Loss: 0.1700 Acc: 0.9529

Epoch 35/49
----------
train Loss: 0.1007 Acc: 0.9743
val Loss: 0.3646 Acc: 0.8949

Epoch 36/49
----------
train Loss: 0.0515 Acc: 0.9904
val Loss: 0.0120 Acc: 0.9985

Epoch 37/49
----------
train Loss: 0.1392 Acc: 0.9676
val Loss: 0.1943 Acc: 0.9485

Epoch 38/49
----------
train Loss: 0.0671 Acc: 0.9809
val Loss: 0.0699 Acc: 0.9860

Epoch 39/49
----------
train Loss: 0.0095 Acc: 0.9993
val Loss: 0.0020 Acc: 1.0000

Epoch 40/49
----------
train Loss: 0.0014 Acc: 1.0000
val Loss: 0.0008 Acc: 1.0000

Epoch 41/49
----------
train Loss: 0.0007 Acc: 1.0000
val Loss: 0.0006 Acc: 1.0000

Epoch 42/49
----------
train Loss: 0.0005 Acc: 1.0000
val Loss: 0.0005 Acc: 1.0000

Epoch 43/49
----------
train Loss: 0.0004 Acc: 1.0000
val Loss: 0.0004 Acc: 1.0000

Epoch 44/49
----------
train Loss: 0.0004 Acc: 1.0000
val Loss: 0.0003 Acc: 1.0000

Epoch 45/49
----------
train Loss: 0.0003 Acc: 1.0000
val Loss: 0.0003 Acc: 1.0000

Epoch 46/49
----------
train Loss: 0.0003 Acc: 1.0000
val Loss: 0.0003 Acc: 1.0000

Epoch 47/49
----------
train Loss: 0.0003 Acc: 1.0000
val Loss: 0.0002 Acc: 1.0000

Epoch 48/49
----------
train Loss: 0.0002 Acc: 1.0000
val Loss: 0.0002 Acc: 1.0000

Epoch 49/49
----------
train Loss: 0.0002 Acc: 1.0000
val Loss: 0.0002 Acc: 1.0000

Training complete in 13m 58s
Best val Acc: 1.000000
