Epoch 0/49
----------
train Loss: 2.9930 Acc: 0.0926
val Loss: 2.7680 Acc: 0.1132

Epoch 1/49
----------
train Loss: 3.0206 Acc: 0.1279
val Loss: 2.7464 Acc: 0.1272

Epoch 2/49
----------
train Loss: 2.7049 Acc: 0.1809
val Loss: 2.3938 Acc: 0.1993

Epoch 3/49
----------
train Loss: 2.5569 Acc: 0.1794
val Loss: 2.5495 Acc: 0.1522

Epoch 4/49
----------
train Loss: 2.4192 Acc: 0.2125
val Loss: 2.4195 Acc: 0.2338

Epoch 5/49
----------
train Loss: 2.3376 Acc: 0.2346
val Loss: 2.1293 Acc: 0.2897

Epoch 6/49
----------
train Loss: 2.3017 Acc: 0.2500
val Loss: 2.1810 Acc: 0.2662

Epoch 7/49
----------
train Loss: 2.1557 Acc: 0.2801
val Loss: 1.9834 Acc: 0.3169

Epoch 8/49
----------
train Loss: 2.0695 Acc: 0.3066
val Loss: 1.9303 Acc: 0.3493

Epoch 9/49
----------
train Loss: 2.0299 Acc: 0.3412
val Loss: 1.8460 Acc: 0.3647

Epoch 10/49
----------
train Loss: 1.8831 Acc: 0.3728
val Loss: 1.7343 Acc: 0.4110

Epoch 11/49
----------
train Loss: 1.8067 Acc: 0.3919
val Loss: 1.6458 Acc: 0.4390

Epoch 12/49
----------
train Loss: 1.7886 Acc: 0.3963
val Loss: 1.7741 Acc: 0.4213

Epoch 13/49
----------
train Loss: 1.7193 Acc: 0.4147
val Loss: 1.6969 Acc: 0.4213

Epoch 14/49
----------
train Loss: 1.5581 Acc: 0.4743
val Loss: 1.4184 Acc: 0.5235

Epoch 15/49
----------
train Loss: 1.5142 Acc: 0.4882
val Loss: 1.3541 Acc: 0.5404

Epoch 16/49
----------
train Loss: 1.5562 Acc: 0.4860
val Loss: 1.4488 Acc: 0.5243

Epoch 17/49
----------
train Loss: 1.4396 Acc: 0.5338
val Loss: 1.2741 Acc: 0.5551

Epoch 18/49
----------
train Loss: 1.3983 Acc: 0.5265
val Loss: 1.3183 Acc: 0.5544

Epoch 19/49
----------
train Loss: 1.3738 Acc: 0.5338
val Loss: 1.2044 Acc: 0.5875

Epoch 20/49
----------
train Loss: 1.3598 Acc: 0.5397
val Loss: 1.2738 Acc: 0.5625

Epoch 21/49
----------
train Loss: 1.3398 Acc: 0.5691
val Loss: 1.1892 Acc: 0.5875

Epoch 22/49
----------
train Loss: 1.2203 Acc: 0.5860
val Loss: 1.1564 Acc: 0.5875

Epoch 23/49
----------
train Loss: 1.2093 Acc: 0.5882
val Loss: 1.1821 Acc: 0.6037

Epoch 24/49
----------
train Loss: 1.2345 Acc: 0.5868
val Loss: 1.0514 Acc: 0.6471

Epoch 25/49
----------
train Loss: 1.1352 Acc: 0.6199
val Loss: 1.1321 Acc: 0.6221

Epoch 26/49
----------
train Loss: 1.0988 Acc: 0.6279
val Loss: 1.1248 Acc: 0.5904

Epoch 27/49
----------
train Loss: 1.1161 Acc: 0.6199
val Loss: 0.9840 Acc: 0.6588

Epoch 28/49
----------
train Loss: 0.9868 Acc: 0.6640
val Loss: 0.9409 Acc: 0.6801

Epoch 29/49
----------
train Loss: 1.2451 Acc: 0.6375
val Loss: 1.0106 Acc: 0.6551

Epoch 30/49
----------
train Loss: 1.0173 Acc: 0.6581
val Loss: 0.8987 Acc: 0.6875

Epoch 31/49
----------
train Loss: 0.9334 Acc: 0.6765
val Loss: 0.8784 Acc: 0.6787

Epoch 32/49
----------
train Loss: 0.9127 Acc: 0.6809
val Loss: 0.8741 Acc: 0.6794

Epoch 33/49
----------
train Loss: 1.1149 Acc: 0.6537
val Loss: 1.0316 Acc: 0.6404

Epoch 34/49
----------
train Loss: 0.9272 Acc: 0.6801
val Loss: 0.8659 Acc: 0.6846

Epoch 35/49
----------
train Loss: 0.8931 Acc: 0.6816
val Loss: 0.9112 Acc: 0.6809

Epoch 36/49
----------
train Loss: 0.8419 Acc: 0.6971
val Loss: 0.7963 Acc: 0.7118

Epoch 37/49
----------
train Loss: 0.8353 Acc: 0.7007
val Loss: 0.8406 Acc: 0.7066

Epoch 38/49
----------
train Loss: 0.8099 Acc: 0.7147
val Loss: 0.8232 Acc: 0.7140

Epoch 39/49
----------
train Loss: 0.8247 Acc: 0.7176
val Loss: 0.9105 Acc: 0.6706

Epoch 40/49
----------
train Loss: 0.7606 Acc: 0.7250
val Loss: 0.7727 Acc: 0.7346

Epoch 41/49
----------
train Loss: 0.7604 Acc: 0.7257
val Loss: 0.7796 Acc: 0.7279

Epoch 42/49
----------
train Loss: 0.7648 Acc: 0.7279
val Loss: 0.7682 Acc: 0.7294

Epoch 43/49
----------
train Loss: 0.7914 Acc: 0.7199
val Loss: 0.7800 Acc: 0.7118

Epoch 44/49
----------
train Loss: 0.7650 Acc: 0.7199
val Loss: 0.7485 Acc: 0.7176

Epoch 45/49
----------
train Loss: 0.7525 Acc: 0.7213
val Loss: 0.7617 Acc: 0.7368

Epoch 46/49
----------
train Loss: 0.7683 Acc: 0.7250
val Loss: 0.7078 Acc: 0.7404

Epoch 47/49
----------
train Loss: 0.8029 Acc: 0.7279
val Loss: 0.7103 Acc: 0.7404

Epoch 48/49
----------
train Loss: 0.7282 Acc: 0.7243
val Loss: 0.7780 Acc: 0.7279

Epoch 49/49
----------
train Loss: 0.7159 Acc: 0.7338
val Loss: 0.6686 Acc: 0.7507

Training complete in 13m 21s
Best val Acc: 0.750735