Epoch 0/49
----------
train Loss: 2.8346 Acc: 0.0559
val Loss: 2.8323 Acc: 0.0794

Epoch 1/49
----------
train Loss: 2.8335 Acc: 0.0588
val Loss: 2.8309 Acc: 0.1044

Epoch 2/49
----------
train Loss: 2.8316 Acc: 0.0625
val Loss: 2.8277 Acc: 0.0691

Epoch 3/49
----------
train Loss: 2.8263 Acc: 0.0721
val Loss: 2.8158 Acc: 0.0610

Epoch 4/49
----------
train Loss: 2.8085 Acc: 0.0676
val Loss: 2.7831 Acc: 0.0926

Epoch 5/49
----------
train Loss: 2.7370 Acc: 0.1132
val Loss: 2.6738 Acc: 0.1243

Epoch 6/49
----------
train Loss: 2.5756 Acc: 0.1801
val Loss: 2.5492 Acc: 0.1993

Epoch 7/49
----------
train Loss: 2.3756 Acc: 0.2294
val Loss: 2.1611 Acc: 0.2919

Epoch 8/49
----------
train Loss: 2.2438 Acc: 0.2868
val Loss: 2.1558 Acc: 0.2868

Epoch 9/49
----------
train Loss: 2.1250 Acc: 0.3088
val Loss: 2.1793 Acc: 0.2860

Epoch 10/49
----------
train Loss: 2.0168 Acc: 0.3566
val Loss: 1.8734 Acc: 0.3860

Epoch 11/49
----------
train Loss: 1.8766 Acc: 0.3765
val Loss: 1.6805 Acc: 0.4426

Epoch 12/49
----------
train Loss: 1.7584 Acc: 0.4169
val Loss: 1.5100 Acc: 0.4699

Epoch 13/49
----------
train Loss: 1.6487 Acc: 0.4529
val Loss: 1.4897 Acc: 0.5007

Epoch 14/49
----------
train Loss: 1.5000 Acc: 0.4956
val Loss: 1.4272 Acc: 0.5096

Epoch 15/49
----------
train Loss: 1.3972 Acc: 0.5390
val Loss: 1.2393 Acc: 0.5772

Epoch 16/49
----------
train Loss: 1.2942 Acc: 0.5544
val Loss: 1.0971 Acc: 0.6382

Epoch 17/49
----------
train Loss: 1.1894 Acc: 0.5926
val Loss: 1.0194 Acc: 0.6618

Epoch 18/49
----------
train Loss: 1.0947 Acc: 0.6368
val Loss: 0.8663 Acc: 0.7228

Epoch 19/49
----------
train Loss: 0.9365 Acc: 0.6794
val Loss: 0.8173 Acc: 0.7191

Epoch 20/49
----------
train Loss: 0.8790 Acc: 0.7015
val Loss: 0.5896 Acc: 0.8132

Epoch 21/49
----------
train Loss: 0.6944 Acc: 0.7632
val Loss: 0.4479 Acc: 0.8544

Epoch 22/49
----------
train Loss: 0.5750 Acc: 0.8088
val Loss: 0.8927 Acc: 0.6875

Epoch 23/49
----------
train Loss: 0.4884 Acc: 0.8419
val Loss: 1.0840 Acc: 0.6897

Epoch 24/49
----------
train Loss: 0.4079 Acc: 0.8625
val Loss: 0.3884 Acc: 0.8662

Epoch 25/49
----------
train Loss: 0.3578 Acc: 0.8912
val Loss: 0.3462 Acc: 0.9022

Epoch 26/49
----------
train Loss: 0.2741 Acc: 0.9125
val Loss: 0.2421 Acc: 0.9272

Epoch 27/49
----------
train Loss: 0.2131 Acc: 0.9346
val Loss: 0.1243 Acc: 0.9662

Epoch 28/49
----------
train Loss: 0.1268 Acc: 0.9676
val Loss: 0.0468 Acc: 0.9890

Epoch 29/49
----------
train Loss: 0.1174 Acc: 0.9676
val Loss: 0.0490 Acc: 0.9875

Epoch 30/49
----------
train Loss: 0.0504 Acc: 0.9860
val Loss: 0.0435 Acc: 0.9897

Epoch 31/49
----------
train Loss: 0.0857 Acc: 0.9772
val Loss: 0.0714 Acc: 0.9824

Epoch 32/49
----------
train Loss: 0.0170 Acc: 0.9971
val Loss: 0.0040 Acc: 1.0000

Epoch 33/49
----------
train Loss: 0.0027 Acc: 1.0000
val Loss: 0.0013 Acc: 1.0000

Epoch 34/49
----------
train Loss: 0.0012 Acc: 1.0000
val Loss: 0.0009 Acc: 1.0000

Epoch 35/49
----------
train Loss: 0.0009 Acc: 1.0000
val Loss: 0.0007 Acc: 1.0000

Epoch 36/49
----------
train Loss: 0.0007 Acc: 1.0000
val Loss: 0.0006 Acc: 1.0000

Epoch 37/49
----------
train Loss: 0.0006 Acc: 1.0000
val Loss: 0.0005 Acc: 1.0000

Epoch 38/49
----------
train Loss: 0.0005 Acc: 1.0000
val Loss: 0.0005 Acc: 1.0000

Epoch 39/49
----------
train Loss: 0.0005 Acc: 1.0000
val Loss: 0.0004 Acc: 1.0000

Epoch 40/49
----------
train Loss: 0.0004 Acc: 1.0000
val Loss: 0.0004 Acc: 1.0000

Epoch 41/49
----------
train Loss: 0.0004 Acc: 1.0000
val Loss: 0.0003 Acc: 1.0000

Epoch 42/49
----------
train Loss: 0.0003 Acc: 1.0000
val Loss: 0.0003 Acc: 1.0000

Epoch 43/49
----------
train Loss: 0.0003 Acc: 1.0000
val Loss: 0.0003 Acc: 1.0000

Epoch 44/49
----------
train Loss: 0.0003 Acc: 1.0000
val Loss: 0.0003 Acc: 1.0000

Epoch 45/49
----------
train Loss: 0.0003 Acc: 1.0000
val Loss: 0.0003 Acc: 1.0000

Epoch 46/49
----------
train Loss: 0.0003 Acc: 1.0000
val Loss: 0.0002 Acc: 1.0000

Epoch 47/49
----------
train Loss: 0.0002 Acc: 1.0000
val Loss: 0.0002 Acc: 1.0000

Epoch 48/49
----------
train Loss: 0.0002 Acc: 1.0000
val Loss: 0.0002 Acc: 1.0000

Epoch 49/49
----------
train Loss: 0.0002 Acc: 1.0000
val Loss: 0.0002 Acc: 1.0000

Training complete in 13m 54s
Best val Acc: 1.000000
