Epoch 0/49
----------
train Loss: 7.5800 Acc: 0.3456
val Loss: 1.4617 Acc: 0.5132

Epoch 1/49
----------
train Loss: 1.3548 Acc: 0.5463
val Loss: 1.0640 Acc: 0.6338

Epoch 2/49
----------
train Loss: 1.0032 Acc: 0.6640
val Loss: 0.7041 Acc: 0.7684

Epoch 3/49
----------
train Loss: 0.7033 Acc: 0.7669
val Loss: 0.4430 Acc: 0.8669

Epoch 4/49
----------
train Loss: 0.5060 Acc: 0.8324
val Loss: 0.2494 Acc: 0.9353

Epoch 5/49
----------
train Loss: 0.2875 Acc: 0.9081
val Loss: 0.1595 Acc: 0.9529

Epoch 6/49
----------
train Loss: 0.1778 Acc: 0.9449
val Loss: 0.0759 Acc: 0.9846

Epoch 7/49
----------
train Loss: 0.0701 Acc: 0.9853
val Loss: 0.0281 Acc: 0.9993

Epoch 8/49
----------
train Loss: 0.0315 Acc: 0.9963
val Loss: 0.0261 Acc: 0.9949

Epoch 9/49
----------
train Loss: 0.0236 Acc: 0.9941
val Loss: 0.0094 Acc: 1.0000

Epoch 10/49
----------
train Loss: 0.0103 Acc: 0.9985
val Loss: 0.0062 Acc: 1.0000

Epoch 11/49
----------
train Loss: 0.0057 Acc: 1.0000
val Loss: 0.0044 Acc: 1.0000

Epoch 12/49
----------
train Loss: 0.0044 Acc: 1.0000
val Loss: 0.0036 Acc: 1.0000

Epoch 13/49
----------
train Loss: 0.0037 Acc: 1.0000
val Loss: 0.0031 Acc: 1.0000

Epoch 14/49
----------
train Loss: 0.0032 Acc: 1.0000
val Loss: 0.0028 Acc: 1.0000

Epoch 15/49
----------
train Loss: 0.0028 Acc: 1.0000
val Loss: 0.0025 Acc: 1.0000

Epoch 16/49
----------
train Loss: 0.0026 Acc: 1.0000
val Loss: 0.0023 Acc: 1.0000

Epoch 17/49
----------
train Loss: 0.0023 Acc: 1.0000
val Loss: 0.0021 Acc: 1.0000

Epoch 18/49
----------
train Loss: 0.0022 Acc: 1.0000
val Loss: 0.0020 Acc: 1.0000

Epoch 19/49
----------
train Loss: 0.0020 Acc: 1.0000
val Loss: 0.0018 Acc: 1.0000

Epoch 20/49
----------
train Loss: 0.0019 Acc: 1.0000
val Loss: 0.0017 Acc: 1.0000

Epoch 21/49
----------
train Loss: 0.0017 Acc: 1.0000
val Loss: 0.0016 Acc: 1.0000

Epoch 22/49
----------
train Loss: 0.0016 Acc: 1.0000
val Loss: 0.0015 Acc: 1.0000

Epoch 23/49
----------
train Loss: 0.0016 Acc: 1.0000
val Loss: 0.0015 Acc: 1.0000

Epoch 24/49
----------
train Loss: 0.0015 Acc: 1.0000
val Loss: 0.0014 Acc: 1.0000

Epoch 25/49
----------
train Loss: 0.0014 Acc: 1.0000
val Loss: 0.0013 Acc: 1.0000

Epoch 26/49
----------
train Loss: 0.0014 Acc: 1.0000
val Loss: 0.0013 Acc: 1.0000

Epoch 27/49
----------
train Loss: 0.0013 Acc: 1.0000
val Loss: 0.0012 Acc: 1.0000

Epoch 28/49
----------
train Loss: 0.0012 Acc: 1.0000
val Loss: 0.0012 Acc: 1.0000

Epoch 29/49
----------
train Loss: 0.0012 Acc: 1.0000
val Loss: 0.0011 Acc: 1.0000

Epoch 30/49
----------
train Loss: 0.0012 Acc: 1.0000
val Loss: 0.0011 Acc: 1.0000

Epoch 31/49
----------
train Loss: 0.0011 Acc: 1.0000
val Loss: 0.0011 Acc: 1.0000

Epoch 32/49
----------
train Loss: 0.0011 Acc: 1.0000
val Loss: 0.0010 Acc: 1.0000

Epoch 33/49
----------
train Loss: 0.0010 Acc: 1.0000
val Loss: 0.0010 Acc: 1.0000

Epoch 34/49
----------
train Loss: 0.0010 Acc: 1.0000
val Loss: 0.0010 Acc: 1.0000

Epoch 35/49
----------
train Loss: 0.0010 Acc: 1.0000
val Loss: 0.0009 Acc: 1.0000

Epoch 36/49
----------
train Loss: 0.0010 Acc: 1.0000
val Loss: 0.0009 Acc: 1.0000

Epoch 37/49
----------
train Loss: 0.0009 Acc: 1.0000
val Loss: 0.0009 Acc: 1.0000

Epoch 38/49
----------
train Loss: 0.0009 Acc: 1.0000
val Loss: 0.0009 Acc: 1.0000

Epoch 39/49
----------
train Loss: 0.0009 Acc: 1.0000
val Loss: 0.0009 Acc: 1.0000

Epoch 40/49
----------
train Loss: 0.0009 Acc: 1.0000
val Loss: 0.0008 Acc: 1.0000

Epoch 41/49
----------
train Loss: 0.0008 Acc: 1.0000
val Loss: 0.0008 Acc: 1.0000

Epoch 42/49
----------
train Loss: 0.0008 Acc: 1.0000
val Loss: 0.0008 Acc: 1.0000

Epoch 43/49
----------
train Loss: 0.0008 Acc: 1.0000
val Loss: 0.0008 Acc: 1.0000

Epoch 44/49
----------
train Loss: 0.0008 Acc: 1.0000
val Loss: 0.0008 Acc: 1.0000

Epoch 45/49
----------
train Loss: 0.0008 Acc: 1.0000
val Loss: 0.0008 Acc: 1.0000

Epoch 46/49
----------
train Loss: 0.0008 Acc: 1.0000
val Loss: 0.0007 Acc: 1.0000

Epoch 47/49
----------
train Loss: 0.0008 Acc: 1.0000
val Loss: 0.0007 Acc: 1.0000

Epoch 48/49
----------
train Loss: 0.0007 Acc: 1.0000
val Loss: 0.0007 Acc: 1.0000

Epoch 49/49
----------
train Loss: 0.0007 Acc: 1.0000
val Loss: 0.0007 Acc: 1.0000

Training complete in 13m 55s
Best val Acc: 1.000000